[21Mar2026 01:34:05.956] [main/INFO] [cpw.mods.modlauncher.Launcher/MODLAUNCHER]: ModLauncher running: args [--username, Impsustor, --version, 1.21.1, --gameDir, C:/Users/bossun/AppData/Roaming/PolyMC/instances/Moda Minecraft Git/.minecraft, --assetsDir, C:/Users/bossun/AppData/Roaming/PolyMC/assets, --assetIndex, 17, --uuid, f06574c69a804058bf702e9a42257ccc, --accessToken, ❄❄❄❄❄❄❄❄, --userType, msa, --versionType, release, --fml.neoForgeVersion, 21.1.219, --fml.fmlVersion, 4.0.42, --fml.mcVersion, 1.21.1, --fml.neoFormVersion, 20240808.144430, --launchTarget, forgeclient, --width, 854, --height, 480]
[21Mar2026 01:34:05.960] [main/INFO] [cpw.mods.modlauncher.Launcher/MODLAUNCHER]: JVM identified as Oracle Corporation Java HotSpot(TM) 64-Bit Server VM 21.0.10+8-LTS-217
[21Mar2026 01:34:05.963] [main/INFO] [cpw.mods.modlauncher.Launcher/MODLAUNCHER]: ModLauncher 11.0.5+main.901c6ea8 starting: java version 21.0.10 by Oracle Corporation; OS Windows 10 arch amd64 version 10.0
[21Mar2026 01:34:06.175] [main/INFO] [net.neoforged.fml.loading.ImmediateWindowHandler/]: Loading ImmediateWindowProvider fmlearlywindow
[21Mar2026 01:34:06.242] [main/INFO] [EARLYDISPLAY/]: Trying GL version 4.6
[21Mar2026 01:34:06.377] [main/INFO] [EARLYDISPLAY/]: Requested GL version 4.6 got version 4.6
[21Mar2026 01:34:06.436] [main/INFO] [mixin/]: SpongePowered MIXIN Subsystem Version=0.8.7 Source=union:/C:/Users/bossun/AppData/Roaming/PolyMC/libraries/net/fabricmc/sponge-mixin/0.15.2+mixin.0.8.7/sponge-mixin-0.15.2+mixin.0.8.7.jar%23177!/ Service=ModLauncher Env=CLIENT
[21Mar2026 01:34:06.580] [pool-2-thread-1/INFO] [EARLYDISPLAY/]: GL info: NVIDIA GeForce RTX 4070 SUPER/PCIe/SSE2 GL version 4.6.0 NVIDIA 595.79, NVIDIA Corporation
[21Mar2026 01:34:06.611] [main/INFO] [net.neoforged.fml.loading.moddiscovery.ModDiscoverer/SCAN]: Found mod file "client-1.21.1-20240808.144430-srg.jar" [locator: production client provider +net.neoforged:neoforge:21.1.219:client]
[21Mar2026 01:34:06.625] [main/INFO] [net.neoforged.fml.loading.moddiscovery.ModDiscoverer/SCAN]: Found mod file "neoforge-21.1.219-universal.jar" [locator: PathBasedLocator[name=neoforge, paths=[C:\Users\bossun\AppData\Roaming\PolyMC\libraries\net\neoforged\neoforge\21.1.219\neoforge-21.1.219-universal.jar]], reader: mod manifest]
[21Mar2026 01:34:06.631] [main/INFO] [net.neoforged.fml.loading.moddiscovery.ModDiscoverer/SCAN]: Found mod file "architectury-13.0.8-neoforge.jar" [locator: {mods folder locator at C:\Users\bossun\AppData\Roaming\PolyMC\instances\Moda Minecraft Git\.minecraft\mods}, reader: mod manifest]
[21Mar2026 01:34:06.635] [main/INFO] [net.neoforged.fml.loading.moddiscovery.ModDiscoverer/SCAN]: Found mod file "bclib-21.0.20.jar" [locator: {mods folder locator at C:\Users\bossun\AppData\Roaming\PolyMC\instances\Moda Minecraft Git\.minecraft\mods}, reader: mod manifest]
[21Mar2026 01:34:06.640] [main/INFO] [net.neoforged.fml.loading.moddiscovery.ModDiscoverer/SCAN]: Found mod file "BetterEnd-21.0.24.jar" [locator: {mods folder locator at C:\Users\bossun\AppData\Roaming\PolyMC\instances\Moda Minecraft Git\.minecraft\mods}, reader: mod manifest]
[21Mar2026 01:34:06.644] [main/INFO] [net.neoforged.fml.loading.moddiscovery.ModDiscoverer/SCAN]: Found mod file "BetterNether-21.0.19.jar" [locator: {mods folder locator at C:\Users\bossun\AppData\Roaming\PolyMC\instances\Moda Minecraft Git\.minecraft\mods}, reader: mod manifest]
[21Mar2026 01:34:06.648] [main/INFO] [net.neoforged.fml.loading.moddiscovery.ModDiscoverer/SCAN]: Found mod file "biomesize-1.21.1-1.6.jar" [locator: {mods folder locator at C:\Users\bossun\AppData\Roaming\PolyMC\instances\Moda Minecraft Git\.minecraft\mods}, reader: mod manifest]
[21Mar2026 01:34:06.650] [main/INFO] [net.neoforged.fml.loading.moddiscovery.ModDiscoverer/SCAN]: Found mod file "cloth-config-15.0.140-neoforge.jar" [locator: {mods folder locator at C:\Users\bossun\AppData\Roaming\PolyMC\instances\Moda Minecraft Git\.minecraft\mods}, reader: mod manifest]
[21Mar2026 01:34:06.654] [main/INFO] [net.neoforged.fml.loading.moddiscovery.ModDiscoverer/SCAN]: Found mod file "CraftTweaker-neoforge-1.21.1-21.0.38.jar" [locator: {mods folder locator at C:\Users\bossun\AppData\Roaming\PolyMC\instances\Moda Minecraft Git\.minecraft\mods}, reader: mod manifest]
[21Mar2026 01:34:06.659] [main/INFO] [net.neoforged.fml.loading.moddiscovery.ModDiscoverer/SCAN]: Found mod file "create-1.21.1-6.0.9.jar" [locator: {mods folder locator at C:\Users\bossun\AppData\Roaming\PolyMC\instances\Moda Minecraft Git\.minecraft\mods}, reader: mod manifest]
[21Mar2026 01:34:06.662] [main/INFO] [net.neoforged.fml.loading.moddiscovery.ModDiscoverer/SCAN]: Found mod file "cupboard-1.21-3.5.jar" [locator: {mods folder locator at C:\Users\bossun\AppData\Roaming\PolyMC\instances\Moda Minecraft Git\.minecraft\mods}, reader: mod manifest]
[21Mar2026 01:34:06.665] [main/INFO] [net.neoforged.fml.loading.moddiscovery.ModDiscoverer/SCAN]: Found mod file "DistantHorizons-2.4.5-b-1.21.1-fabric-neoforge.jar" [locator: {mods folder locator at C:\Users\bossun\AppData\Roaming\PolyMC\instances\Moda Minecraft Git\.minecraft\mods}, reader: mod manifest]
[21Mar2026 01:34:06.671] [main/INFO] [net.neoforged.fml.loading.moddiscovery.ModDiscoverer/SCAN]: Found mod file "ferritecore-7.0.3-neoforge.jar" [locator: {mods folder locator at C:\Users\bossun\AppData\Roaming\PolyMC\instances\Moda Minecraft Git\.minecraft\mods}, reader: mod manifest]
[21Mar2026 01:34:06.673] [main/INFO] [net.neoforged.fml.loading.moddiscovery.ModDiscoverer/SCAN]: Found mod file "forgematica-0.4.1+mc1.21.1.jar" [locator: {mods folder locator at C:\Users\bossun\AppData\Roaming\PolyMC\instances\Moda Minecraft Git\.minecraft\mods}, reader: mod manifest]
[21Mar2026 01:34:06.675] [main/INFO] [net.neoforged.fml.loading.moddiscovery.ModDiscoverer/SCAN]: Found mod file "freecam-neoforge-1.3.0+mc1.21.jar" [locator: {mods folder locator at C:\Users\bossun\AppData\Roaming\PolyMC\instances\Moda Minecraft Git\.minecraft\mods}, reader: mod manifest]
[21Mar2026 01:34:06.678] [main/INFO] [net.neoforged.fml.loading.moddiscovery.ModDiscoverer/SCAN]: Found mod file "GlitchCore-neoforge-1.21.1-2.1.0.0.jar" [locator: {mods folder locator at C:\Users\bossun\AppData\Roaming\PolyMC\instances\Moda Minecraft Git\.minecraft\mods}, reader: mod manifest]
[21Mar2026 01:34:06.680] [main/INFO] [net.neoforged.fml.loading.moddiscovery.ModDiscoverer/SCAN]: Found mod file "iris-neoforge-1.8.12+mc1.21.1.jar" [locator: {mods folder locator at C:\Users\bossun\AppData\Roaming\PolyMC\instances\Moda Minecraft Git\.minecraft\mods}, reader: mod manifest]
[21Mar2026 01:34:06.683] [main/INFO] [net.neoforged.fml.loading.moddiscovery.ModDiscoverer/SCAN]: Found mod file "jei-1.21.1-neoforge-19.27.0.340.jar" [locator: {mods folder locator at C:\Users\bossun\AppData\Roaming\PolyMC\instances\Moda Minecraft Git\.minecraft\mods}, reader: mod manifest]
[21Mar2026 01:34:06.685] [main/INFO] [net.neoforged.fml.loading.moddiscovery.ModDiscoverer/SCAN]: Found mod file "lithostitched-1.6.1-neoforge-1.21.1.jar" [locator: {mods folder locator at C:\Users\bossun\AppData\Roaming\PolyMC\instances\Moda Minecraft Git\.minecraft\mods}, reader: mod manifest]
[21Mar2026 01:34:06.688] [main/INFO] [net.neoforged.fml.loading.moddiscovery.ModDiscoverer/SCAN]: Found mod file "mafglib-0.4.3+mc1.21.1.jar" [locator: {mods folder locator at C:\Users\bossun\AppData\Roaming\PolyMC\instances\Moda Minecraft Git\.minecraft\mods}, reader: mod manifest]
[21Mar2026 01:34:06.690] [main/INFO] [net.neoforged.fml.loading.moddiscovery.ModDiscoverer/SCAN]: Found mod file "SereneSeasons-neoforge-1.21.1-10.1.0.3.jar" [locator: {mods folder locator at C:\Users\bossun\AppData\Roaming\PolyMC\instances\Moda Minecraft Git\.minecraft\mods}, reader: mod manifest]
[21Mar2026 01:34:06.693] [main/INFO] [net.neoforged.fml.loading.moddiscovery.ModDiscoverer/SCAN]: Found mod file "sodium-neoforge-0.6.13+mc1.21.1.jar" [locator: {mods folder locator at C:\Users\bossun\AppData\Roaming\PolyMC\instances\Moda Minecraft Git\.minecraft\mods}, reader: mod manifest]
[21Mar2026 01:34:06.696] [main/INFO] [net.neoforged.fml.loading.moddiscovery.ModDiscoverer/SCAN]: Found mod file "tectonic-3.0.19-neoforge-1.21.1.jar" [locator: {mods folder locator at C:\Users\bossun\AppData\Roaming\PolyMC\instances\Moda Minecraft Git\.minecraft\mods}, reader: mod manifest]
[21Mar2026 01:34:06.700] [main/INFO] [net.neoforged.fml.loading.moddiscovery.ModDiscoverer/SCAN]: Found mod file "travelersbackpack-neoforge-1.21.1-10.1.33.jar" [locator: {mods folder locator at C:\Users\bossun\AppData\Roaming\PolyMC\instances\Moda Minecraft Git\.minecraft\mods}, reader: mod manifest]
[21Mar2026 01:34:06.703] [main/INFO] [net.neoforged.fml.loading.moddiscovery.ModDiscoverer/SCAN]: Found mod file "worldweaver-21.0.19.jar" [locator: {mods folder locator at C:\Users\bossun\AppData\Roaming\PolyMC\instances\Moda Minecraft Git\.minecraft\mods}, reader: mod manifest]
[21Mar2026 01:34:06.705] [main/INFO] [net.neoforged.fml.loading.moddiscovery.ModDiscoverer/SCAN]: Found mod file "wunderlib-21.0.10.jar" [locator: {mods folder locator at C:\Users\bossun\AppData\Roaming\PolyMC\instances\Moda Minecraft Git\.minecraft\mods}, reader: mod manifest]
[21Mar2026 01:34:06.708] [main/INFO] [net.neoforged.fml.loading.moddiscovery.ModDiscoverer/SCAN]: Found mod file "xaeroworldmap-neoforge-1.21.1-1.40.11.jar" [locator: {mods folder locator at C:\Users\bossun\AppData\Roaming\PolyMC\instances\Moda Minecraft Git\.minecraft\mods}, reader: mod manifest]
[21Mar2026 01:34:06.855] [main/WARN] [net.neoforged.jarjar.selection.JarSelector/]: Attempted to select a dependency jar for JarJar which was passed in as source: cloth_config. Using Mod File: C:\Users\bossun\AppData\Roaming\PolyMC\instances\Moda Minecraft Git\.minecraft\mods\cloth-config-15.0.140-neoforge.jar
[21Mar2026 01:34:06.855] [main/INFO] [net.neoforged.fml.loading.moddiscovery.locators.JarInJarDependencyLocator/]: Found 14 dependencies adding them to mods collection
[21Mar2026 01:34:06.855] [main/INFO] [net.neoforged.fml.loading.moddiscovery.ModDiscoverer/SCAN]: Found gamelibrary file "mixinextras-neoforge-0.5.0.jar" [parent: bclib-21.0.20.jar, locator: jarinjar, reader: mod manifest]
[21Mar2026 01:34:06.855] [main/INFO] [net.neoforged.fml.loading.moddiscovery.ModDiscoverer/SCAN]: Found mod file "fabric-renderer-api-v1-3.4.0+acb05a3919.jar" [parent: iris-neoforge-1.8.12+mc1.21.1.jar, locator: jarinjar, reader: mod manifest]
[21Mar2026 01:34:06.855] [main/INFO] [net.neoforged.fml.loading.moddiscovery.ModDiscoverer/SCAN]: Found mod file "fabric-api-base-0.4.42+d1308ded19.jar" [parent: mafglib-0.4.3+mc1.21.1.jar, locator: jarinjar, reader: mod manifest]
[21Mar2026 01:34:06.855] [main/INFO] [net.neoforged.fml.loading.moddiscovery.ModDiscoverer/SCAN]: Found library file "net.caffeinemc.sodium-neoforge-0.6.13+mc1.21.1-service.jar" [parent: sodium-neoforge-0.6.13+mc1.21.1.jar, locator: jarinjar, reader: mod manifest]
[21Mar2026 01:34:06.855] [main/INFO] [net.neoforged.fml.loading.moddiscovery.ModDiscoverer/SCAN]: Found mod file "ponder-neoforge-1.0.81+mc1.21.1.jar" [parent: create-1.21.1-6.0.9.jar, locator: jarinjar, reader: mod manifest]
[21Mar2026 01:34:06.855] [main/INFO] [net.neoforged.fml.loading.moddiscovery.ModDiscoverer/SCAN]: Found library file "net.neoforged.neoforge-coremods-21.1.219.jar" [parent: neoforge-21.1.219-universal.jar, locator: jarinjar, reader: mod manifest]
[21Mar2026 01:34:06.855] [main/INFO] [net.neoforged.fml.loading.moddiscovery.ModDiscoverer/SCAN]: Found mod file "fabric-rendering-data-attachment-v1-0.3.48+73761d2e19.jar" [parent: sodium-neoforge-0.6.13+mc1.21.1.jar, locator: jarinjar, reader: mod manifest]
[21Mar2026 01:34:06.855] [main/INFO] [net.neoforged.fml.loading.moddiscovery.ModDiscoverer/SCAN]: Found mod file "xaerolib-neoforge-1.21.1-1.1.0.jar" [parent: xaeroworldmap-neoforge-1.21.1-1.40.11.jar, locator: jarinjar, reader: mod manifest]
[21Mar2026 01:34:06.855] [main/INFO] [net.neoforged.fml.loading.moddiscovery.ModDiscoverer/SCAN]: Found mod file "fabric-networking-api-v1-4.3.0+6db6dff919.jar" [parent: mafglib-0.4.3+mc1.21.1.jar, locator: jarinjar, reader: mod manifest]
[21Mar2026 01:34:06.855] [main/INFO] [net.neoforged.fml.loading.moddiscovery.ModDiscoverer/SCAN]: Found library file "jcpp-1.4.14.jar" [parent: iris-neoforge-1.8.12+mc1.21.1.jar, locator: jarinjar]
[21Mar2026 01:34:06.855] [main/INFO] [net.neoforged.fml.loading.moddiscovery.ModDiscoverer/SCAN]: Found gamelibrary file "Registrate-MC1.21-1.3.0+67.jar" [parent: create-1.21.1-6.0.9.jar, locator: jarinjar, reader: mod manifest]
[21Mar2026 01:34:06.855] [main/INFO] [net.neoforged.fml.loading.moddiscovery.ModDiscoverer/SCAN]: Found mod file "flywheel-neoforge-1.21.1-1.0.6.jar" [parent: create-1.21.1-6.0.9.jar, locator: jarinjar, reader: mod manifest]
[21Mar2026 01:34:06.855] [main/INFO] [net.neoforged.fml.loading.moddiscovery.ModDiscoverer/SCAN]: Found library file "glsl-transformer-2.0.1.jar" [parent: iris-neoforge-1.8.12+mc1.21.1.jar, locator: jarinjar]
[21Mar2026 01:34:06.855] [main/INFO] [net.neoforged.fml.loading.moddiscovery.ModDiscoverer/SCAN]: Found mod file "fabric-block-view-api-v2-1.0.10+9afaaf8c19.jar" [parent: sodium-neoforge-0.6.13+mc1.21.1.jar, locator: jarinjar, reader: mod manifest]
[21Mar2026 01:34:06.858] [main/INFO] [net.neoforged.fml.loading.moddiscovery.ModDiscoverer/]: 
     Mod List:
		Name Version (Mod Id)

		Architectury 13.0.8 (architectury)
		BCLib 21.0.20 (bclib)
		Better End 21.0.24 (betterend)
		Better Nether 21.0.19 (betternether)
		biomesize mod 1.6 (biomesize)
		Cloth Config v15 API 15.0.140 (cloth_config)
		CraftTweaker 21.0.38 (crafttweaker)
		Create 6.0.9 (create)
		Cupboard mod 3.5 (cupboard)
		Distant Horizons 2.4.5-b (distanthorizons)
		Ferrite Core 7.0.3 (ferritecore)
		Flywheel 1.0.6 (flywheel)
		Forgematica 0.4.1+mc1.21.1 (forgematica)
		Forgified Fabric API Base(ThinkingStudio) 0.4.42+d1308ded19 (fabric_api_base)
		Forgified Fabric BlockView API (v2) 1.0.10+9afaaf8c19 (fabric_block_view_api_v2)
		Forgified Fabric Networking API (v1)(ThinkingStudio) 4.3.0+6db6dff919 (fabric_networking_api_v1)
		Forgified Fabric Renderer API (v1) 3.4.0+acb05a3919 (fabric_renderer_api_v1)
		Forgified Fabric Rendering Data Attachment (v1) 0.3.48+73761d2e19 (fabric_rendering_data_attachment_v1)
		Freecam 1.3.0+mc1.21 (freecam)
		GlitchCore 2.1.0.0 (glitchcore)
		Iris 1.8.12-snapshot+mc1.21.1-local (iris)
		Just Enough Items 19.27.0.340 (jei)
		Lithostitched 1.6.1 (lithostitched)
		MaFgLib 0.4.3+mc1.21.1 (mafglib)
		Minecraft 1.21.1 (minecraft)
		NeoForge 21.1.219 (neoforge)
		Ponder 1.0.81+mc1.21.1 (ponder)
		Serene Seasons 10.1.0.3 (sereneseasons)
		Sodium 0.6.13+mc1.21.1 (sodium)
		Tectonic 3.0.19 (tectonic)
		Traveler's Backpack 10.1.33 (travelersbackpack)
		WorldWeaver 21.0.19 (wover)
		WunderLib 21.0.10 (wunderlib)
		Xaero's World Map 1.40.11 (xaeroworldmap)
		XaeroLib 1.1.0 (xaerolib)
[21Mar2026 01:34:07.034] [main/INFO] [net.neoforged.fml.loading.FMLServiceProvider/CORE]: Loading coremod script-engine for [xaeroworldmap]
[21Mar2026 01:34:08.001] [main/INFO] [mixin/]: Compatibility level set to JAVA_21
[21Mar2026 01:34:08.052] [main/INFO] [cpw.mods.modlauncher.LaunchServiceHandler/MODLAUNCHER]: Launching target 'forgeclient' with arguments [--version, 1.21.1, --gameDir, C:\Users\bossun\AppData\Roaming\PolyMC\instances\Moda Minecraft Git\.minecraft, --assetsDir, C:\Users\bossun\AppData\Roaming\PolyMC\assets, --uuid, f06574c69a804058bf702e9a42257ccc, --username, Impsustor, --assetIndex, 17, --accessToken, ❄❄❄❄❄❄❄❄, --userType, msa, --versionType, release, --width, 854, --height, 480]
[21Mar2026 01:34:08.090] [main/WARN] [mixin/]: Reference map 'biomesize.refmap.json' for biomesize.mixins.json could not be read. If this is a development environment you can ignore this message
[21Mar2026 01:34:08.101] [main/WARN] [mixin/]: Reference map 'xaerolib.refmap.json' for xaerolib.mixins.json could not be read. If this is a development environment you can ignore this message
[21Mar2026 01:34:08.111] [main/WARN] [mixin/]: Reference map 'ponder.refmap.json' for ponder-common.mixins.json could not be read. If this is a development environment you can ignore this message
[21Mar2026 01:34:08.113] [main/WARN] [mixin/]: Reference map 'xaeroworldmap.refmap.json' for xaeroworldmap.mixins.json could not be read. If this is a development environment you can ignore this message
[21Mar2026 01:34:08.114] [main/WARN] [mixin/]: Reference map 'travelersbackpack.mixins.refmap.json' for META-INF/travelersbackpack.mixins.json could not be read. If this is a development environment you can ignore this message
[21Mar2026 01:34:08.116] [main/WARN] [mixin/]: Reference map 'iris.refmap.json' for mixins.iris.json could not be read. If this is a development environment you can ignore this message
[21Mar2026 01:34:08.116] [main/WARN] [mixin/]: Reference map 'iris.refmap.json' for mixins.iris.fantastic.json could not be read. If this is a development environment you can ignore this message
[21Mar2026 01:34:08.116] [main/WARN] [mixin/]: Reference map 'iris.refmap.json' for mixins.iris.vertexformat.json could not be read. If this is a development environment you can ignore this message
[21Mar2026 01:34:08.116] [main/WARN] [mixin/]: Reference map 'iris.refmap.json' for iris-batched-entity-rendering.mixins.json could not be read. If this is a development environment you can ignore this message
[21Mar2026 01:34:08.116] [main/WARN] [mixin/]: Reference map 'iris.refmap.json' for mixins.iris.compat.sodium.json could not be read. If this is a development environment you can ignore this message
[21Mar2026 01:34:08.118] [main/WARN] [mixin/]: Reference map 'glitchcore.refmap.json' for glitchcore.mixins.json could not be read. If this is a development environment you can ignore this message
[21Mar2026 01:34:08.118] [main/WARN] [mixin/]: Reference map 'glitchcore.refmap.json' for glitchcore.neoforge.mixins.json could not be read. If this is a development environment you can ignore this message
[21Mar2026 01:34:08.118] [main/WARN] [mixin/]: Reference map 'sereneseasons.refmap.json' for sereneseasons.mixins.json could not be read. If this is a development environment you can ignore this message
[21Mar2026 01:34:08.118] [main/WARN] [mixin/]: Reference map 'sereneseasons.refmap.json' for sereneseasons.neoforge.mixins.json could not be read. If this is a development environment you can ignore this message
[21Mar2026 01:34:08.149] [main/WARN] [mixin/]: Reference map '${refmap_target}refmap.json' for ferritecore.predicates.mixin.json could not be read. If this is a development environment you can ignore this message
[21Mar2026 01:34:08.150] [main/WARN] [mixin/]: Reference map '${refmap_target}refmap.json' for ferritecore.fastmap.mixin.json could not be read. If this is a development environment you can ignore this message
[21Mar2026 01:34:08.151] [main/WARN] [mixin/]: Reference map '${refmap_target}refmap.json' for ferritecore.mrl.mixin.json could not be read. If this is a development environment you can ignore this message
[21Mar2026 01:34:08.152] [main/WARN] [mixin/]: Reference map '${refmap_target}refmap.json' for ferritecore.dedupmultipart.mixin.json could not be read. If this is a development environment you can ignore this message
[21Mar2026 01:34:08.153] [main/WARN] [mixin/]: Reference map '${refmap_target}refmap.json' for ferritecore.blockstatecache.mixin.json could not be read. If this is a development environment you can ignore this message
[21Mar2026 01:34:08.153] [main/WARN] [mixin/]: Reference map '${refmap_target}refmap.json' for ferritecore.dedupbakedquad.mixin.json could not be read. If this is a development environment you can ignore this message
[21Mar2026 01:34:08.154] [main/WARN] [mixin/]: Reference map '${refmap_target}refmap.json' for ferritecore.threaddetec.mixin.json could not be read. If this is a development environment you can ignore this message
[21Mar2026 01:34:08.155] [main/WARN] [mixin/]: Reference map '${refmap_target}refmap.json' for ferritecore.modelsides.mixin.json could not be read. If this is a development environment you can ignore this message
[21Mar2026 01:34:08.155] [main/WARN] [mixin/]: Reference map '${refmap_target}refmap.json' for ferritecore.datacomponents.mixin.json could not be read. If this is a development environment you can ignore this message
[21Mar2026 01:34:08.156] [main/WARN] [mixin/]: Reference map '${refmap_target}refmap.json' for ferritecore.accessors.mixin.json could not be read. If this is a development environment you can ignore this message
[21Mar2026 01:34:08.156] [main/WARN] [mixin/]: Reference map 'cupboard.refmap.json' for cupboard.mixins.json could not be read. If this is a development environment you can ignore this message
[21Mar2026 01:34:08.174] [main/INFO] [Sodium/]: Loaded configuration file for Sodium: 43 options available, 1 override(s) found
[21Mar2026 01:34:08.175] [main/WARN] [mixin/]: Reference map 'crafttweaker.refmap.json' for crafttweaker.mixins.json could not be read. If this is a development environment you can ignore this message
[21Mar2026 01:34:08.175] [main/WARN] [mixin/]: Reference map 'crafttweaker.refmap.json' for crafttweaker.neoforge.mixins.json could not be read. If this is a development environment you can ignore this message
[21Mar2026 01:34:08.624] [main/WARN] [mixin/]: Error loading class: com/portingdeadmods/cable_facades/events/GameClientEvents$2 (java.lang.ClassNotFoundException: com.portingdeadmods.cable_facades.events.GameClientEvents$2)
[21Mar2026 01:34:08.625] [main/WARN] [mixin/]: Error loading class: com/direwolf20/justdirethings/client/renderers/OurRenderTypes (java.lang.ClassNotFoundException: com.direwolf20.justdirethings.client.renderers.OurRenderTypes)
[21Mar2026 01:34:08.626] [main/WARN] [mixin/]: Error loading class: mekanism/client/render/entity/RenderFlame (java.lang.ClassNotFoundException: mekanism.client.render.entity.RenderFlame)
[21Mar2026 01:34:08.627] [main/WARN] [mixin/]: Error loading class: mekanism/client/render/armor/MekaSuitArmor (java.lang.ClassNotFoundException: mekanism.client.render.armor.MekaSuitArmor)
[21Mar2026 01:34:08.628] [main/WARN] [mixin/]: Error loading class: mekanism/client/render/lib/effect/BillboardingEffectRenderer (java.lang.ClassNotFoundException: mekanism.client.render.lib.effect.BillboardingEffectRenderer)
[21Mar2026 01:34:08.630] [main/WARN] [mixin/]: Error loading class: blusunrize/immersiveengineering/client/utils/IEGLShaders (java.lang.ClassNotFoundException: blusunrize.immersiveengineering.client.utils.IEGLShaders)
[21Mar2026 01:34:08.678] [main/WARN] [Sodium/]: Force-disabling mixin 'features.render.world.sky.FogRendererMixin' as rule 'mixin.features.render.world.sky' (added by mods [iris]) disables it and children
[21Mar2026 01:34:08.679] [main/WARN] [Sodium/]: Force-disabling mixin 'features.render.world.sky.ClientLevelMixin' as rule 'mixin.features.render.world.sky' (added by mods [iris]) disables it and children
[21Mar2026 01:34:08.679] [main/WARN] [Sodium/]: Force-disabling mixin 'features.render.world.sky.LevelRendererMixin' as rule 'mixin.features.render.world.sky' (added by mods [iris]) disables it and children
[21Mar2026 01:34:08.729] [main/WARN] [mixin/]: Error loading class: com/teamabnormals/blueprint/common/world/modification/ModdedBiomeSource (java.lang.ClassNotFoundException: com.teamabnormals.blueprint.common.world.modification.ModdedBiomeSource)
[21Mar2026 01:34:08.828] [main/WARN] [mixin/]: Error loading class: org/jetbrains/annotations/ApiStatus$ScheduledForRemoval (java.lang.ClassNotFoundException: org.jetbrains.annotations.ApiStatus$ScheduledForRemoval)
[21Mar2026 01:34:08.838] [main/INFO] [MixinExtras|Service/]: Initializing MixinExtras via com.llamalad7.mixinextras.service.MixinExtrasServiceImpl(version=0.5.0).
[21Mar2026 01:34:10.093] [Datafixer Bootstrap/INFO] [com.mojang.datafixers.DataFixerBuilder/]: 229 Datafixer optimizations took 203 milliseconds
[21Mar2026 01:34:10.193] [main/WARN] [oshi.driver.windows.perfmon.PerfmonDisabled/]: Invalid registry value type detected for PerfOS counters. Should be REG_DWORD. Ignoring: HKEY_LOCAL_MACHINE\SYSTEM\CurrentControlSet\Services\PerfOS\Performance\Disable Performance Counters.
[21Mar2026 01:34:13.017] [Render thread/WARN] [net.minecraft.server.packs.VanillaPackResourcesBuilder/]: Assets URL 'union:/C:/Users/bossun/AppData/Roaming/PolyMC/libraries/net/minecraft/client/1.21.1-20240808.144430/client-1.21.1-20240808.144430-srg.jar%23215!/assets/.mcassetsroot' uses unexpected schema
[21Mar2026 01:34:13.018] [Render thread/WARN] [net.minecraft.server.packs.VanillaPackResourcesBuilder/]: Assets URL 'union:/C:/Users/bossun/AppData/Roaming/PolyMC/libraries/net/minecraft/client/1.21.1-20240808.144430/client-1.21.1-20240808.144430-srg.jar%23215!/data/.mcassetsroot' uses unexpected schema
[21Mar2026 01:34:13.036] [Render thread/INFO] [com.mojang.authlib.yggdrasil.YggdrasilAuthenticationService/]: Environment: Environment[sessionHost=https://sessionserver.mojang.com, servicesHost=https://api.minecraftservices.com, name=PROD]
[21Mar2026 01:34:13.041] [Render thread/INFO] [net.minecraft.client.Minecraft/]: Setting user: Impsustor
[21Mar2026 01:34:13.090] [Render thread/INFO] [Iris/]: Queuing DH event binding...
[21Mar2026 01:34:13.117] [Render thread/INFO] [net.minecraft.client.Minecraft/]: Backend library: LWJGL version 3.3.3+5
[21Mar2026 01:34:13.166] [Render thread/INFO] [com.mojang.blaze3d.platform.Window/]: OpenGL Vendor: NVIDIA Corporation
[21Mar2026 01:34:13.166] [Render thread/INFO] [com.mojang.blaze3d.platform.Window/]: OpenGL Renderer: NVIDIA GeForce RTX 4070 SUPER/PCIe/SSE2
[21Mar2026 01:34:13.166] [Render thread/INFO] [com.mojang.blaze3d.platform.Window/]: OpenGL Version: 4.6.0 NVIDIA 595.79
[21Mar2026 01:34:13.169] [Render thread/INFO] [Sodium-NvidiaWorkarounds/]: Modifying OpenGL context to apply workarounds for the NVIDIA graphics driver...
[21Mar2026 01:34:13.315] [Render thread/INFO] [Iris/]: Debug functionality is disabled.
[21Mar2026 01:34:13.320] [Render thread/INFO] [Iris/]: OpenGL 4.5 detected, enabling DSA.
[21Mar2026 01:34:13.413] [modloading-worker-0/INFO] [com.cupboard.Cupboard/]: Loaded config for: cupboard.json
[21Mar2026 01:34:13.456] [modloading-worker-0/INFO] [net.neoforged.neoforge.common.NeoForgeMod/NEOFORGE-MOD]: NeoForge mod loading, version 21.1.219, for MC 1.21.1
[21Mar2026 01:34:13.558] [modloading-worker-0/INFO] [glitchcore/]: Registered synced config with path sereneseasons/fertility.toml
[21Mar2026 01:34:13.558] [modloading-worker-0/INFO] [glitchcore/]: Registered synced config with path sereneseasons/seasons.toml
[21Mar2026 01:34:13.697] [modloading-worker-0/INFO] [xaero.lib.XaeroLib/]: Registering common data for channel xaerolib:main!
[21Mar2026 01:34:13.699] [modloading-worker-0/INFO] [betternether/]: =^..^=    BetterNether Neoforged for 1.21    =^..^=
[21Mar2026 01:34:13.726] [modloading-worker-0/INFO] [xaero.lib.XaeroLib/]: Registering client data for channel xaerolib:main!
[21Mar2026 01:34:13.798] [ForkJoinPool.commonPool-worker-30/WARN] [Iris/]: [Iris Update Check] This version doesn't have an update index, skipping.
[21Mar2026 01:34:13.802] [modloading-worker-0/INFO] [com.simibubi.create.Create/]: Create 6.0.9 initializing! Commit hash: e2de2b9a02406ec33ff6d8851ed6f0b56240b6ec
[21Mar2026 01:34:13.804] [modloading-worker-0/INFO] [xaero.lib.XaeroLib/]: Loading primary common config for channel xaerolib:main!
[21Mar2026 01:34:13.812] [modloading-worker-0/INFO] [xaero.lib.XaeroLib/]: Loading server config profiles for channel xaerolib:main!
[21Mar2026 01:34:13.831] [modloading-worker-0/INFO] [xaero.lib.XaeroLib/]: Loading primary client config for channel xaerolib:main!
[21Mar2026 01:34:13.833] [modloading-worker-0/INFO] [xaero.lib.XaeroLib/]: Loading client config profiles for channel xaerolib:main!
[21Mar2026 01:34:13.836] [modloading-worker-0/INFO] [xaero.map.WorldMap/]: Registering common data for channel xaeroworldmap:main!
[21Mar2026 01:34:13.839] [modloading-worker-0/INFO] [mezz.jei.library.load.PluginCaller/]: Sending ConfigManager...
[21Mar2026 01:34:13.845] [modloading-worker-0/INFO] [mezz.jei.library.load.PluginCaller/]: Sending ConfigManager took 4.027 milliseconds
[21Mar2026 01:34:13.873] [modloading-worker-0/INFO] [xaero.map.WorldMap/]: Registering client data for channel xaeroworldmap:main!
[21Mar2026 01:34:13.912] [modloading-worker-0/INFO] [xaero.map.WorldMap/]: Loading primary common config for channel xaeroworldmap:main!
[21Mar2026 01:34:13.915] [modloading-worker-0/INFO] [xaero.map.WorldMap/]: Loading server config profiles for channel xaeroworldmap:main!
[21Mar2026 01:34:13.918] [modloading-worker-0/INFO] [xaero.map.WorldMap/]: Loading primary client config for channel xaeroworldmap:main!
[21Mar2026 01:34:13.921] [modloading-worker-0/INFO] [xaero.map.WorldMap/]: Loading client config profiles for channel xaeroworldmap:main!
[21Mar2026 01:34:14.851] [modloading-sync-worker/INFO] [wover-core/]: Processing wover.datapack.registry Entrypoints
[21Mar2026 01:34:14.852] [modloading-sync-worker/INFO] [wover-core/]:     - Processing Entrypoint: org.betterx.wover.entrypoint.BiomeDatapackRegistryEntrypoint
[21Mar2026 01:34:14.852] [modloading-sync-worker/INFO] [wover-core/]:     - Processing Entrypoint: org.betterx.wover.entrypoint.FeatureDatapackRegistryEntrypoint
[21Mar2026 01:34:14.853] [modloading-sync-worker/INFO] [wover-core/]:     - Processing Entrypoint: org.betterx.wover.entrypoint.ItemDatapackRegistryEntrypoint
[21Mar2026 01:34:14.853] [modloading-sync-worker/INFO] [wover-core/]:     - Processing Entrypoint: org.betterx.wover.entrypoint.StructureDatapackRegistryEntrypoint
[21Mar2026 01:34:14.853] [modloading-sync-worker/INFO] [wover-core/]:     - Processing Entrypoint: org.betterx.wover.entrypoint.SurfaceDatapackRegistryEntrypoint
[21Mar2026 01:34:15.575] [modloading-sync-worker/WARN] [betternether/]: Skip pig_statue POI registration: Block{betternether:pig_statue_respawner}[facing=west,top=false] is defined in more than one PoI type
[21Mar2026 01:34:15.575] [modloading-sync-worker/WARN] [betterend/]: Skip eternal_portal POI registration: Block{betterend:end_portal_block}[axis=x,portal=0] is defined in more than one PoI type
[21Mar2026 01:34:15.575] [modloading-sync-worker/WARN] [betterend/]: Skip eternal_portal_frame POI registration: Block{betterend:flavolite_runed_eternal}[active=false] is defined in more than one PoI type
[21Mar2026 01:34:16.471] [Render thread/INFO] [Sodium/]: Block minecraft:birch_leaves had its color provider replaced with sereneseasons.init.ModClient$$Lambda/0x00000288029b2288@70a91d72 and will not use per-vertex coloring
[21Mar2026 01:34:16.580] [Render thread/INFO] [Iris/]: Hardware information:
[21Mar2026 01:34:16.580] [Render thread/INFO] [Iris/]: CPU: 32x AMD Ryzen 9 9950X 16-Core Processor 
[21Mar2026 01:34:16.580] [Render thread/INFO] [Iris/]: GPU: NVIDIA GeForce RTX 4070 SUPER/PCIe/SSE2 (Supports OpenGL 4.6.0 NVIDIA 595.79)
[21Mar2026 01:34:16.580] [Render thread/INFO] [Iris/]: OS: Windows 10 (10.0)
[21Mar2026 01:34:16.854] [Render thread/INFO] [net.minecraft.server.packs.resources.ReloadableResourceManager/]: Reloading ResourceManager: vanilla, mod_resources, mod/sodium, mod/fabric_renderer_api_v1, mod/fabric_api_base, mod/biomesize, mod/wover, mod/mafglib,malilib, mod/jei, mod/lithostitched, mod/xaerolib, mod/betternether, mod/flywheel, mod/ponder, mod/create, mod/xaeroworldmap, mod/neoforge, mod/travelersbackpack, mod/fabric_block_view_api_v2, mod/freecam, mod/iris, mod/forgematica,litematica, mod/glitchcore, mod/sereneseasons, mod/wunderlib, mod/architectury, mod/ferritecore, mod/cupboard, mod/distanthorizons, mod/fabric_rendering_data_attachment_v1, mod/crafttweaker, mod/fabric_networking_api_v1, mod/cloth_config, mod/bclib, mod/betterend, mod/tectonic
[21Mar2026 01:34:16.863] [Worker-Main-1/INFO] [xaero.lib.XaeroLib/]: Loading XaeroLib common 1/2!
[21Mar2026 01:34:16.867] [NeoForge Version Check/INFO] [net.neoforged.fml.VersionChecker/]: [travelersbackpack] Starting version check at https://gist.githubusercontent.com/Tiviacz1337/906937677aa472285dff9d6c2a189d5e/raw
[21Mar2026 01:34:16.907] [NeoForge Version Check/INFO] [net.neoforged.fml.VersionChecker/]: [travelersbackpack] Found status: BETA Current: 10.1.33 Target: null
[21Mar2026 01:34:16.907] [NeoForge Version Check/INFO] [net.neoforged.fml.VersionChecker/]: [crafttweaker] Starting version check at https://updates.blamejared.com/get?n=crafttweaker&gv=1.21.1&ml=neoforge
[21Mar2026 01:34:16.950] [Worker-Main-9/INFO] [net.minecraft.client.gui.font.providers.UnihexProvider/]: Found unifont_all_no_pua-15.1.05.hex, loading
[21Mar2026 01:34:16.950] [Worker-Main-4/INFO] [net.minecraft.client.gui.font.providers.UnihexProvider/]: Found unifont_jp_patch-15.1.05.hex, loading
[21Mar2026 01:34:17.398] [NeoForge Version Check/INFO] [net.neoforged.fml.VersionChecker/]: [crafttweaker] Found status: BETA Current: 21.0.38 Target: 21.0.38
[21Mar2026 01:34:17.945] [Render thread/INFO] [com.tiviacz.travelersbackpack.TravelersBackpack/]: Registered the FluidEffect with Unique ID of minecraft:water for Water (Fluid Amount Required: 1000) with the ID 0
[21Mar2026 01:34:17.946] [Render thread/INFO] [com.tiviacz.travelersbackpack.TravelersBackpack/]: Registered the FluidEffect with Unique ID of minecraft:lava for Lava (Fluid Amount Required: 1000) with the ID 1
[21Mar2026 01:34:17.948] [Render thread/INFO] [com.tiviacz.travelersbackpack.TravelersBackpack/]: Registered the FluidEffect with Unique ID of travelersbackpack:potion for item.minecraft.potion.effect.empty.effect.empty (Fluid Amount Required: 250) with the ID 2
[21Mar2026 01:34:17.948] [Render thread/INFO] [com.tiviacz.travelersbackpack.TravelersBackpack/]: Registered the FluidEffect with Unique ID of minecraft:milk for Milk (Fluid Amount Required: 1000) with the ID 3
[21Mar2026 01:34:17.996] [Worker-Main-18/INFO] [xaero.map.WorldMap/]: Loading Xaero's World Map - Stage 1/2
[21Mar2026 01:34:17.998] [Worker-Main-2/INFO] [xaero.lib.XaeroLib/]: Loading XaeroLib client 1/2!
[21Mar2026 01:34:18.020] [Worker-Main-6/INFO] [DistantHorizons-DistantHorizons-loaderCommon.neoforge.com.seibel.distanthorizons.common.AbstractModInitializer/]: Initializing Distant Horizons client, firing DhApiBeforeDhInitEvent...
[21Mar2026 01:34:18.048] [Worker-Main-6/INFO] [DistantHorizons-DistantHorizons-com.seibel.distanthorizons.core.Initializer/]: Running library validation...
[21Mar2026 01:34:18.168] [Worker-Main-6/INFO] [DistantHorizons-DistantHorizons-com.seibel.distanthorizons.core.Initializer/]: Garbage collectors: [G1 Young Generation, G1 Concurrent GC, G1 Old Generation]
[21Mar2026 01:34:18.168] [Worker-Main-6/WARN] [DistantHorizons-DistantHorizons-com.seibel.distanthorizons.core.Initializer/]: Distant Horizons: G1 Garbage collector detected. 
This garbage collector can cause FPS stuttering. 
It's recommended to use a concurrent garbage collector 
like ZGC (Java 21+) or Shenandoah (Java 8 through 17) for a smoother experience. 

[21Mar2026 01:34:18.175] [Worker-Main-6/INFO] [DistantHorizons-DistantHorizons-loaderCommon.neoforge.com.seibel.distanthorizons.common.AbstractModInitializer/]: Distant Horizons, Version: 2.4.5-b
[21Mar2026 01:34:18.203] [Worker-Main-6/INFO] [DistantHorizons-DistantHorizons-loaderCommon.neoforge.com.seibel.distanthorizons.common.AbstractModInitializer/]: Skipping mod compatibility accessor for: [optifine]
[21Mar2026 01:34:18.204] [Worker-Main-6/INFO] [DistantHorizons-DistantHorizons-loaderCommon.neoforge.com.seibel.distanthorizons.common.AbstractModInitializer/]: Skipping mod compatibility accessor for: [c2me]
[21Mar2026 01:34:18.207] [Worker-Main-6/INFO] [DistantHorizons-DistantHorizons-com.seibel.distanthorizons.core.dependencyInjection.ModAccessorInjector/]: Registered mod compatibility accessor for: [iris].
[21Mar2026 01:34:18.243] [Worker-Main-6/INFO] [DistantHorizons-DistantHorizons-com.seibel.distanthorizons.core.config.ConfigHandler/]: Initialising config for [DistantHorizons]
[21Mar2026 01:34:18.300] [Worker-Main-6/INFO] [DistantHorizons-DistantHorizons-com.seibel.distanthorizons.core.config.ConfigHandler/]: [DistantHorizons] Config initialised
[21Mar2026 01:34:18.308] [Worker-Main-6/INFO] [DistantHorizons-DistantHorizons-com.seibel.distanthorizons.core.config.eventHandlers.IgnoredDimensionCsvHandler/]: Dimension ignoring disabled, DH will render all dimensions.
[21Mar2026 01:34:18.308] [Worker-Main-6/INFO] [com.seibel.distanthorizons.core.logging.DhLogger/]: Applying config to loggers
[21Mar2026 01:34:18.309] [Worker-Main-6/INFO] [DistantHorizons-DistantHorizons-loaderCommon.neoforge.com.seibel.distanthorizons.common.AbstractModInitializer/]: Distant Horizons client Initialized.
[21Mar2026 01:34:18.309] [Worker-Main-6/INFO] [DistantHorizons-DistantHorizons-loaderCommon.neoforge.com.seibel.distanthorizons.common.AbstractModInitializer/]: Running Delayed setup...
[21Mar2026 01:34:18.309] [Worker-Main-6/INFO] [DistantHorizons-DistantHorizons-loaderCommon.neoforge.com.seibel.distanthorizons.common.AbstractModInitializer/]: Delayed setup complete, firing DhApiAfterDhInitEvent event...
[21Mar2026 01:34:18.309] [Worker-Main-6/INFO] [Iris/]: DH Ready, binding Iris event handlers...
[21Mar2026 01:34:18.323] [Worker-Main-6/INFO] [Iris/]: DH Iris events bound.
[21Mar2026 01:34:18.350] [Render thread/INFO] [Iris/]: Shaders are disabled because no valid shaderpack is selected
[21Mar2026 01:34:19.054] [Worker-Main-2/WARN] [xaero.lib.XaeroLib/]: io exception while checking patreon: Read timed out
[21Mar2026 01:34:19.079] [Render thread/INFO] [xaero.map.WorldMap/]: Loading Xaero's World Map - Stage 2/2
[21Mar2026 01:34:19.094] [Render thread/INFO] [xaero.map.WorldMap/]: New world map region cache hash code: 1383466779
[21Mar2026 01:34:20.122] [Render thread/ERROR] [xaero.map.WorldMap/]: io exception while checking versions: Read timed out
[21Mar2026 01:34:20.123] [Render thread/INFO] [xaero.map.WorldMap/]: Registered player tracker system: map_synced
[21Mar2026 01:34:20.123] [Render thread/INFO] [xaero.map.WorldMap/]: No Optifine!
[21Mar2026 01:34:20.123] [Render thread/INFO] [xaero.map.WorldMap/]: Xaero's World Map: No Vivecraft!
[21Mar2026 01:34:20.123] [Render thread/INFO] [xaero.map.WorldMap/]: Xaero's World Map: Iris found!
[21Mar2026 01:34:20.137] [Render thread/WARN] [net.neoforged.fml.DeferredWorkQueue/LOADING]: Mod 'xaeroworldmap' took 1.058 s to run a deferred task.
[21Mar2026 01:34:20.137] [Render thread/INFO] [xaero.lib.XaeroLib/]: Loading XaeroLib common 2/2!
[21Mar2026 01:34:20.138] [Render thread/INFO] [xaero.lib.XaeroLib/]: Loading XaeroLib client 2/2!
[21Mar2026 01:34:20.239] [Worker-Main-27/INFO] [PonderIndex/]: Registering Ponder Scenes took 32.98 ms
[21Mar2026 01:34:20.241] [Worker-Main-27/INFO] [PonderIndex/]: Registering Ponder Tags took 1.940 ms
[21Mar2026 01:34:20.347] [Render thread/WARN] [net.minecraft.client.sounds.SoundEngine/]: Missing sound for event: minecraft:item.goat_horn.play
[21Mar2026 01:34:20.347] [Render thread/WARN] [net.minecraft.client.sounds.SoundEngine/]: Missing sound for event: minecraft:entity.goat.screaming.horn_break
[21Mar2026 01:34:20.380] [Render thread/INFO] [com.mojang.blaze3d.audio.Library/]: OpenAL initialized on device OpenAL Soft on Logitech (PRO X)
[21Mar2026 01:34:20.380] [Render thread/INFO] [net.minecraft.client.sounds.SoundEngine/SOUNDS]: Sound engine started
[21Mar2026 01:34:20.447] [Render thread/INFO] [net.minecraft.client.renderer.texture.TextureAtlas/]: Created: 2048x2048x4 minecraft:textures/atlas/blocks.png-atlas
[21Mar2026 01:34:20.463] [Render thread/INFO] [net.minecraft.client.renderer.texture.TextureAtlas/]: Created: 512x512x4 minecraft:textures/atlas/signs.png-atlas
[21Mar2026 01:34:20.464] [Render thread/INFO] [net.minecraft.client.renderer.texture.TextureAtlas/]: Created: 512x512x4 minecraft:textures/atlas/shield_patterns.png-atlas
[21Mar2026 01:34:20.464] [Render thread/INFO] [net.minecraft.client.renderer.texture.TextureAtlas/]: Created: 512x512x4 minecraft:textures/atlas/banner_patterns.png-atlas
[21Mar2026 01:34:20.465] [Render thread/INFO] [net.minecraft.client.renderer.texture.TextureAtlas/]: Created: 2048x1024x4 minecraft:textures/atlas/armor_trims.png-atlas
[21Mar2026 01:34:20.467] [Render thread/INFO] [net.minecraft.client.renderer.texture.TextureAtlas/]: Created: 128x64x4 minecraft:textures/atlas/decorated_pot.png-atlas
[21Mar2026 01:34:20.467] [Render thread/INFO] [net.minecraft.client.renderer.texture.TextureAtlas/]: Created: 1024x512x4 minecraft:textures/atlas/chest.png-atlas
[21Mar2026 01:34:20.468] [Render thread/INFO] [net.minecraft.client.renderer.texture.TextureAtlas/]: Created: 512x256x4 minecraft:textures/atlas/shulker_boxes.png-atlas
[21Mar2026 01:34:20.468] [Render thread/INFO] [net.minecraft.client.renderer.texture.TextureAtlas/]: Created: 512x256x4 minecraft:textures/atlas/beds.png-atlas
[21Mar2026 01:34:20.512] [Render thread/INFO] [net.minecraft.client.renderer.texture.TextureAtlas/]: Created: 512x256x0 minecraft:textures/atlas/particles.png-atlas
[21Mar2026 01:34:20.514] [Render thread/INFO] [net.minecraft.client.renderer.texture.TextureAtlas/]: Created: 512x256x0 minecraft:textures/atlas/paintings.png-atlas
[21Mar2026 01:34:20.514] [Render thread/INFO] [net.minecraft.client.renderer.texture.TextureAtlas/]: Created: 256x128x0 minecraft:textures/atlas/mob_effects.png-atlas
[21Mar2026 01:34:20.514] [Render thread/INFO] [net.minecraft.client.renderer.texture.TextureAtlas/]: Created: 64x64x0 minecraft:textures/atlas/map_decorations.png-atlas
[21Mar2026 01:34:20.515] [Render thread/INFO] [net.minecraft.client.renderer.texture.TextureAtlas/]: Created: 1024x512x0 minecraft:textures/atlas/gui.png-atlas
[21Mar2026 01:34:20.527] [Render thread/WARN] [net.minecraft.client.renderer.ShaderInstance/]: Shader rendertype_entity_translucent_emissive could not find sampler named Sampler2 in the specified shader program.
[21Mar2026 01:34:20.559] [Render thread/INFO] [net.minecraft.client.renderer.texture.TextureAtlas/]: Created: 256x256x0 jei:textures/atlas/gui.png-atlas
[21Mar2026 01:34:20.564] [Render thread/INFO] [xaero.lib.XaeroLib/]: Successfully reloaded the XaeroLib shaders!
[21Mar2026 01:34:20.577] [Render thread/INFO] [flywheel/backend/shaders/]: Loaded 77 shader sources in 10.730 ms
[21Mar2026 01:34:20.592] [Render thread/INFO] [com.simibubi.create.Create/]: Loaded 58 train hat configurations.
[21Mar2026 01:34:20.592] [Render thread/INFO] [net.neoforged.neoforge.client.entity.animation.json.AnimationLoader/]: Loaded 0 entity animations
[21Mar2026 01:34:20.614] [Render thread/INFO] [DistantHorizons-DistantHorizons-com.seibel.distanthorizons.core.jar.updater.SelfUpdater/]: Checking for Distant Horizons update
[21Mar2026 01:34:20.812] [Render thread/INFO] [DistantHorizons-DistantHorizons-com.seibel.distanthorizons.core.jar.updater.SelfUpdater/]: Distant Horizons already up to date.
[21Mar2026 01:34:20.814] [Render thread/INFO] [com.cupboard.Cupboard/]: Loaded config for: biomesize.json
[21Mar2026 01:34:20.832] [Render thread/INFO] [Iris/]: Creating pipeline for dimension minecraft:overworld
[21Mar2026 01:34:31.947] [Render thread/INFO] [net.minecraft.client.Minecraft/]: Stopping!
